# JRE version: OpenJDK Runtime Environment (8.0_242-b01) (build 1.8.0_242-release-1644-b01)
# Java VM: OpenJDK 64-Bit Server VM (25.242-b01 mixed mode windows-amd64 compressed oops)
Heap:
 PSYoungGen      total 128000K, used 87304K [0x00000000e0000000, 0x00000000e8f00000, 0x0000000100000000)
  eden space 116224K, 64% used [0x00000000e0000000,0x00000000e49c4a88,0x00000000e7180000)
  from space 11776K, 99% used [0x00000000e8000000,0x00000000e8b7d788,0x00000000e8b80000)
  to   space 14848K, 0% used [0x00000000e7180000,0x00000000e7180000,0x00000000e8000000)
 ParOldGen       total 74752K, used 19548K [0x00000000a0000000, 0x00000000a4900000, 0x00000000e0000000)
  object space 74752K, 26% used [0x00000000a0000000,0x00000000a1317110,0x00000000a4900000)
 Metaspace       used 50945K, capacity 53206K, committed 53376K, reserved 1097728K
  class space    used 6837K, capacity 7279K, committed 7296K, reserved 1048576K
GC Heap History (10 events):
Event: 13.863 GC heap before
{Heap before GC invocations=10 (full 1):
 PSYoungGen      total 71168K, used 64710K [0x00000000e0000000, 0x00000000e5280000, 0x0000000100000000)
  eden space 61952K, 100% used [0x00000000e0000000,0x00000000e3c80000,0x00000000e3c80000)
  from space 9216K, 29% used [0x00000000e4980000,0x00000000e4c31a28,0x00000000e5280000)
  to   space 11264K, 0% used [0x00000000e3c80000,0x00000000e3c80000,0x00000000e4780000)
 ParOldGen       total 47616K, used 7174K [0x00000000a0000000, 0x00000000a2e80000, 0x00000000e0000000)
  object space 47616K, 15% used [0x00000000a0000000,0x00000000a0701bd0,0x00000000a2e80000)
 Metaspace       used 31066K, capacity 32074K, committed 32256K, reserved 1077248K
  class space    used 4282K, capacity 4536K, committed 4608K, reserved 1048576K
Event: 13.894 GC heap after
Heap after GC invocations=10 (full 1):
 PSYoungGen      total 73216K, used 9215K [0x00000000e0000000, 0x00000000e7500000, 0x0000000100000000)
  eden space 61952K, 0% used [0x00000000e0000000,0x00000000e0000000,0x00000000e3c80000)
  from space 11264K, 81% used [0x00000000e3c80000,0x00000000e457ff08,0x00000000e4780000)
  to   space 11776K, 0% used [0x00000000e6980000,0x00000000e6980000,0x00000000e7500000)
 ParOldGen       total 47616K, used 7182K [0x00000000a0000000, 0x00000000a2e80000, 0x00000000e0000000)
  object space 47616K, 15% used [0x00000000a0000000,0x00000000a0703bd0,0x00000000a2e80000)
 Metaspace       used 31066K, capacity 32074K, committed 32256K, reserved 1077248K
  class space    used 4282K, capacity 4536K, committed 4608K, reserved 1048576K
}
Event: 14.991 GC heap before
{Heap before GC invocations=11 (full 1):
 PSYoungGen      total 73216K, used 63657K [0x00000000e0000000, 0x00000000e7500000, 0x0000000100000000)
  eden space 61952K, 87% used [0x00000000e0000000,0x00000000e352a6d0,0x00000000e3c80000)
  from space 11264K, 81% used [0x00000000e3c80000,0x00000000e457ff08,0x00000000e4780000)
  to   space 11776K, 0% used [0x00000000e6980000,0x00000000e6980000,0x00000000e7500000)
 ParOldGen       total 47616K, used 7182K [0x00000000a0000000, 0x00000000a2e80000, 0x00000000e0000000)
  object space 47616K, 15% used [0x00000000a0000000,0x00000000a0703bd0,0x00000000a2e80000)
 Metaspace       used 34247K, capacity 35390K, committed 35456K, reserved 1079296K
  class space    used 4685K, capacity 4972K, committed 4992K, reserved 1048576K
Event: 15.013 GC heap after
Heap after GC invocations=11 (full 1):
 PSYoungGen      total 107520K, used 8132K [0x00000000e0000000, 0x00000000e7600000, 0x0000000100000000)
  eden space 95744K, 0% used [0x00000000e0000000,0x00000000e0000000,0x00000000e5d80000)
  from space 11776K, 69% used [0x00000000e6980000,0x00000000e7171288,0x00000000e7500000)
  to   space 12288K, 0% used [0x00000000e5d80000,0x00000000e5d80000,0x00000000e6980000)
 ParOldGen       total 47616K, used 7920K [0x00000000a0000000, 0x00000000a2e80000, 0x00000000e0000000)
  object space 47616K, 16% used [0x00000000a0000000,0x00000000a07bc190,0x00000000a2e80000)
 Metaspace       used 34247K, capacity 35390K, committed 35456K, reserved 1079296K
  class space    used 4685K, capacity 4972K, committed 4992K, reserved 1048576K
}
Event: 15.013 GC heap before
{Heap before GC invocations=12 (full 2):
 PSYoungGen      total 107520K, used 8132K [0x00000000e0000000, 0x00000000e7600000, 0x0000000100000000)
  eden space 95744K, 0% used [0x00000000e0000000,0x00000000e0000000,0x00000000e5d80000)
  from space 11776K, 69% used [0x00000000e6980000,0x00000000e7171288,0x00000000e7500000)
  to   space 12288K, 0% used [0x00000000e5d80000,0x00000000e5d80000,0x00000000e6980000)
 ParOldGen       total 47616K, used 7920K [0x00000000a0000000, 0x00000000a2e80000, 0x00000000e0000000)
  object space 47616K, 16% used [0x00000000a0000000,0x00000000a07bc190,0x00000000a2e80000)
 Metaspace       used 34247K, capacity 35390K, committed 35456K, reserved 1079296K
  class space    used 4685K, capacity 4972K, committed 4992K, reserved 1048576K
Event: 15.161 GC heap after
Heap after GC invocations=12 (full 2):
 PSYoungGen      total 107520K, used 0K [0x00000000e0000000, 0x00000000e7600000, 0x0000000100000000)
  eden space 95744K, 0% used [0x00000000e0000000,0x00000000e0000000,0x00000000e5d80000)
  from space 11776K, 0% used [0x00000000e6980000,0x00000000e6980000,0x00000000e7500000)
  to   space 12288K, 0% used [0x00000000e5d80000,0x00000000e5d80000,0x00000000e6980000)
 ParOldGen       total 74752K, used 15451K [0x00000000a0000000, 0x00000000a4900000, 0x00000000e0000000)
  object space 74752K, 20% used [0x00000000a0000000,0x00000000a0f16dc8,0x00000000a4900000)
 Metaspace       used 34247K, capacity 35390K, committed 35456K, reserved 1079296K
  class space    used 4685K, capacity 4972K, committed 4992K, reserved 1048576K
}
Event: 16.606 GC heap before
{Heap before GC invocations=13 (full 2):
 PSYoungGen      total 107520K, used 95744K [0x00000000e0000000, 0x00000000e7600000, 0x0000000100000000)
  eden space 95744K, 100% used [0x00000000e0000000,0x00000000e5d80000,0x00000000e5d80000)
  from space 11776K, 0% used [0x00000000e6980000,0x00000000e6980000,0x00000000e7500000)
  to   space 12288K, 0% used [0x00000000e5d80000,0x00000000e5d80000,0x00000000e6980000)
 ParOldGen       total 74752K, used 15451K [0x00000000a0000000, 0x00000000a4900000, 0x00000000e0000000)
  object space 74752K, 20% used [0x00000000a0000000,0x00000000a0f16dc8,0x00000000a4900000)
 Metaspace       used 37149K, capacity 38768K, committed 39040K, reserved 1083392K
  class space    used 5100K, capacity 5445K, committed 5504K, reserved 1048576K
Event: 16.612 GC heap after
Heap after GC invocations=13 (full 2):
 PSYoungGen      total 108032K, used 6391K [0x00000000e0000000, 0x00000000e8b80000, 0x0000000100000000)
  eden space 95744K, 0% used [0x00000000e0000000,0x00000000e0000000,0x00000000e5d80000)
  from space 12288K, 52% used [0x00000000e5d80000,0x00000000e63bdc00,0x00000000e6980000)
  to   space 11776K, 0% used [0x00000000e8000000,0x00000000e8000000,0x00000000e8b80000)
 ParOldGen       total 74752K, used 15459K [0x00000000a0000000, 0x00000000a4900000, 0x00000000e0000000)
  object space 74752K, 20% used [0x00000000a0000000,0x00000000a0f18dc8,0x00000000a4900000)
 Metaspace       used 37149K, capacity 38768K, committed 39040K, reserved 1083392K
  class space    used 5100K, capacity 5445K, committed 5504K, reserved 1048576K
}
Event: 18.277 GC heap before
{Heap before GC invocations=14 (full 2):
 PSYoungGen      total 108032K, used 102135K [0x00000000e0000000, 0x00000000e8b80000, 0x0000000100000000)
  eden space 95744K, 100% used [0x00000000e0000000,0x00000000e5d80000,0x00000000e5d80000)
  from space 12288K, 52% used [0x00000000e5d80000,0x00000000e63bdc00,0x00000000e6980000)
  to   space 11776K, 0% used [0x00000000e8000000,0x00000000e8000000,0x00000000e8b80000)
 ParOldGen       total 74752K, used 15459K [0x00000000a0000000, 0x00000000a4900000, 0x00000000e0000000)
  object space 74752K, 20% used [0x00000000a0000000,0x00000000a0f18dc8,0x00000000a4900000)
 Metaspace       used 45889K, capacity 47818K, committed 47872K, reserved 1091584K
  class space    used 6225K, capacity 6610K, committed 6656K, reserved 1048576K
Event: 18.289 GC heap after
Heap after GC invocations=14 (full 2):
 PSYoungGen      total 128000K, used 11765K [0x00000000e0000000, 0x00000000e8f00000, 0x0000000100000000)
  eden space 116224K, 0% used [0x00000000e0000000,0x00000000e0000000,0x00000000e7180000)
  from space 11776K, 99% used [0x00000000e8000000,0x00000000e8b7d788,0x00000000e8b80000)
  to   space 14848K, 0% used [0x00000000e7180000,0x00000000e7180000,0x00000000e8000000)
 ParOldGen       total 74752K, used 19548K [0x00000000a0000000, 0x00000000a4900000, 0x00000000e0000000)
  object space 74752K, 26% used [0x00000000a0000000,0x00000000a1317110,0x00000000a4900000)
 Metaspace       used 45889K, capacity 47818K, committed 47872K, reserved 1091584K
  class space    used 6225K, capacity 6610K, committed 6656K, reserved 1048576K
}

