# JRE version: OpenJDK Runtime Environment (8.0_242-b01) (build 1.8.0_242-release-1644-b01)
# Java VM: OpenJDK 64-Bit Server VM (25.242-b01 mixed mode windows-amd64 compressed oops)
Heap:
 PSYoungGen      total 153600K, used 149841K [0x00000000e0000000, 0x00000000eaa00000, 0x0000000100000000)
  eden space 136192K, 99% used [0x00000000e0000000,0x00000000e83ca120,0x00000000e8500000)
  from space 17408K, 85% used [0x00000000e9800000,0x00000000ea68a500,0x00000000ea900000)
  to   space 18944K, 0% used [0x00000000e8500000,0x00000000e8500000,0x00000000e9780000)
 ParOldGen       total 125952K, used 35587K [0x00000000a0000000, 0x00000000a7b00000, 0x00000000e0000000)
  object space 125952K, 28% used [0x00000000a0000000,0x00000000a22c0ff8,0x00000000a7b00000)
 Metaspace       used 70843K, capacity 74439K, committed 74752K, reserved 1114112K
  class space    used 9690K, capacity 10382K, committed 10496K, reserved 1048576K
GC Heap History (10 events):
Event: 11.454 GC heap before
{Heap before GC invocations=15 (full 2):
 PSYoungGen      total 103424K, used 103395K [0x00000000e0000000, 0x00000000e9180000, 0x0000000100000000)
  eden space 91648K, 100% used [0x00000000e0000000,0x00000000e5980000,0x00000000e5980000)
  from space 11776K, 99% used [0x00000000e6780000,0x00000000e72f8c00,0x00000000e7300000)
  to   space 14336K, 0% used [0x00000000e5980000,0x00000000e5980000,0x00000000e6780000)
 ParOldGen       total 78848K, used 18361K [0x00000000a0000000, 0x00000000a4d00000, 0x00000000e0000000)
  object space 78848K, 23% used [0x00000000a0000000,0x00000000a11ee548,0x00000000a4d00000)
 Metaspace       used 52247K, capacity 54452K, committed 54656K, reserved 1095680K
  class space    used 7001K, capacity 7478K, committed 7552K, reserved 1048576K
Event: 11.479 GC heap after
Heap after GC invocations=15 (full 2):
 PSYoungGen      total 105984K, used 10850K [0x00000000e0000000, 0x00000000e8e80000, 0x0000000100000000)
  eden space 91648K, 0% used [0x00000000e0000000,0x00000000e0000000,0x00000000e5980000)
  from space 14336K, 75% used [0x00000000e5980000,0x00000000e6418b88,0x00000000e6780000)
  to   space 14848K, 0% used [0x00000000e8000000,0x00000000e8000000,0x00000000e8e80000)
 ParOldGen       total 78848K, used 28038K [0x00000000a0000000, 0x00000000a4d00000, 0x00000000e0000000)
  object space 78848K, 35% used [0x00000000a0000000,0x00000000a1b61bd0,0x00000000a4d00000)
 Metaspace       used 52247K, capacity 54452K, committed 54656K, reserved 1095680K
  class space    used 7001K, capacity 7478K, committed 7552K, reserved 1048576K
}
Event: 12.542 GC heap before
{Heap before GC invocations=16 (full 2):
 PSYoungGen      total 105984K, used 81589K [0x00000000e0000000, 0x00000000e8e80000, 0x0000000100000000)
  eden space 91648K, 77% used [0x00000000e0000000,0x00000000e4514a70,0x00000000e5980000)
  from space 14336K, 75% used [0x00000000e5980000,0x00000000e6418b88,0x00000000e6780000)
  to   space 14848K, 0% used [0x00000000e8000000,0x00000000e8000000,0x00000000e8e80000)
 ParOldGen       total 78848K, used 28038K [0x00000000a0000000, 0x00000000a4d00000, 0x00000000e0000000)
  object space 78848K, 35% used [0x00000000a0000000,0x00000000a1b61bd0,0x00000000a4d00000)
 Metaspace       used 56537K, capacity 59067K, committed 59096K, reserved 1099776K
  class space    used 7737K, capacity 8291K, committed 8320K, reserved 1048576K
Event: 12.564 GC heap after
Heap after GC invocations=16 (full 2):
 PSYoungGen      total 129536K, used 13836K [0x00000000e0000000, 0x00000000e9200000, 0x0000000100000000)
  eden space 114688K, 0% used [0x00000000e0000000,0x00000000e0000000,0x00000000e7000000)
  from space 14848K, 93% used [0x00000000e8000000,0x00000000e8d83300,0x00000000e8e80000)
  to   space 16384K, 0% used [0x00000000e7000000,0x00000000e7000000,0x00000000e8000000)
 ParOldGen       total 78848K, used 28046K [0x00000000a0000000, 0x00000000a4d00000, 0x00000000e0000000)
  object space 78848K, 35% used [0x00000000a0000000,0x00000000a1b63bd0,0x00000000a4d00000)
 Metaspace       used 56537K, capacity 59067K, committed 59096K, reserved 1099776K
  class space    used 7737K, capacity 8291K, committed 8320K, reserved 1048576K
}
Event: 12.564 GC heap before
{Heap before GC invocations=17 (full 3):
 PSYoungGen      total 129536K, used 13836K [0x00000000e0000000, 0x00000000e9200000, 0x0000000100000000)
  eden space 114688K, 0% used [0x00000000e0000000,0x00000000e0000000,0x00000000e7000000)
  from space 14848K, 93% used [0x00000000e8000000,0x00000000e8d83300,0x00000000e8e80000)
  to   space 16384K, 0% used [0x00000000e7000000,0x00000000e7000000,0x00000000e8000000)
 ParOldGen       total 78848K, used 28046K [0x00000000a0000000, 0x00000000a4d00000, 0x00000000e0000000)
  object space 78848K, 35% used [0x00000000a0000000,0x00000000a1b63bd0,0x00000000a4d00000)
 Metaspace       used 56537K, capacity 59067K, committed 59096K, reserved 1099776K
  class space    used 7737K, capacity 8291K, committed 8320K, reserved 1048576K
Event: 12.821 GC heap after
Heap after GC invocations=17 (full 3):
 PSYoungGen      total 129536K, used 0K [0x00000000e0000000, 0x00000000e9200000, 0x0000000100000000)
  eden space 114688K, 0% used [0x00000000e0000000,0x00000000e0000000,0x00000000e7000000)
  from space 14848K, 0% used [0x00000000e8000000,0x00000000e8000000,0x00000000e8e80000)
  to   space 16384K, 0% used [0x00000000e7000000,0x00000000e7000000,0x00000000e8000000)
 ParOldGen       total 125952K, used 35571K [0x00000000a0000000, 0x00000000a7b00000, 0x00000000e0000000)
  object space 125952K, 28% used [0x00000000a0000000,0x00000000a22bcff8,0x00000000a7b00000)
 Metaspace       used 56496K, capacity 58929K, committed 59096K, reserved 1099776K
  class space    used 7724K, capacity 8268K, committed 8320K, reserved 1048576K
}
Event: 15.543 GC heap before
{Heap before GC invocations=18 (full 3):
 PSYoungGen      total 129536K, used 114688K [0x00000000e0000000, 0x00000000e9200000, 0x0000000100000000)
  eden space 114688K, 100% used [0x00000000e0000000,0x00000000e7000000,0x00000000e7000000)
  from space 14848K, 0% used [0x00000000e8000000,0x00000000e8000000,0x00000000e8e80000)
  to   space 16384K, 0% used [0x00000000e7000000,0x00000000e7000000,0x00000000e8000000)
 ParOldGen       total 125952K, used 35571K [0x00000000a0000000, 0x00000000a7b00000, 0x00000000e0000000)
  object space 125952K, 28% used [0x00000000a0000000,0x00000000a22bcff8,0x00000000a7b00000)
 Metaspace       used 63510K, capacity 66603K, committed 66816K, reserved 1105920K
  class space    used 8838K, capacity 9465K, committed 9472K, reserved 1048576K
Event: 15.564 GC heap after
Heap after GC invocations=18 (full 3):
 PSYoungGen      total 131072K, used 12635K [0x00000000e0000000, 0x00000000ea900000, 0x0000000100000000)
  eden space 114688K, 0% used [0x00000000e0000000,0x00000000e0000000,0x00000000e7000000)
  from space 16384K, 77% used [0x00000000e7000000,0x00000000e7c56e60,0x00000000e8000000)
  to   space 17408K, 0% used [0x00000000e9800000,0x00000000e9800000,0x00000000ea900000)
 ParOldGen       total 125952K, used 35579K [0x00000000a0000000, 0x00000000a7b00000, 0x00000000e0000000)
  object space 125952K, 28% used [0x00000000a0000000,0x00000000a22beff8,0x00000000a7b00000)
 Metaspace       used 63510K, capacity 66603K, committed 66816K, reserved 1105920K
  class space    used 8838K, capacity 9465K, committed 9472K, reserved 1048576K
}
Event: 17.599 GC heap before
{Heap before GC invocations=19 (full 3):
 PSYoungGen      total 131072K, used 127323K [0x00000000e0000000, 0x00000000ea900000, 0x0000000100000000)
  eden space 114688K, 100% used [0x00000000e0000000,0x00000000e7000000,0x00000000e7000000)
  from space 16384K, 77% used [0x00000000e7000000,0x00000000e7c56e60,0x00000000e8000000)
  to   space 17408K, 0% used [0x00000000e9800000,0x00000000e9800000,0x00000000ea900000)
 ParOldGen       total 125952K, used 35579K [0x00000000a0000000, 0x00000000a7b00000, 0x00000000e0000000)
  object space 125952K, 28% used [0x00000000a0000000,0x00000000a22beff8,0x00000000a7b00000)
 Metaspace       used 64235K, capacity 67451K, committed 67712K, reserved 1107968K
  class space    used 8856K, capacity 9481K, committed 9600K, reserved 1048576K
Event: 17.613 GC heap after
Heap after GC invocations=19 (full 3):
 PSYoungGen      total 153600K, used 14889K [0x00000000e0000000, 0x00000000eaa00000, 0x0000000100000000)
  eden space 136192K, 0% used [0x00000000e0000000,0x00000000e0000000,0x00000000e8500000)
  from space 17408K, 85% used [0x00000000e9800000,0x00000000ea68a500,0x00000000ea900000)
  to   space 18944K, 0% used [0x00000000e8500000,0x00000000e8500000,0x00000000e9780000)
 ParOldGen       total 125952K, used 35587K [0x00000000a0000000, 0x00000000a7b00000, 0x00000000e0000000)
  object space 125952K, 28% used [0x00000000a0000000,0x00000000a22c0ff8,0x00000000a7b00000)
 Metaspace       used 64235K, capacity 67451K, committed 67712K, reserved 1107968K
  class space    used 8856K, capacity 9481K, committed 9600K, reserved 1048576K
}

